<?xml version="1.0" encoding="UTF-8"?>
<testsuite name="nbt.CompoundTagTest" tests="1" skipped="0" failures="0" errors="0" timestamp="2021-03-17T18:26:05" hostname="KOEN-PC" time="0.049">
  <properties/>
  <testcase name="testBasicCompoundTag()" classname="nbt.CompoundTagTest" time="0.049"/>
  <system-out><![CDATA[TAG_Compound('testCompound'): 1 entries
{
    TAG_Int('testInt'): 10
}

]]></system-out>
  <system-err><![CDATA[]]></system-err>
</testsuite>
