<?xml version="1.0" encoding="UTF-8"?>
<testsuite name="nbt.tag.CompoundTagTest" tests="6" skipped="0" failures="0" errors="0" timestamp="2021-03-25T11:48:46" hostname="KOEN-PC" time="0.169">
  <properties/>
  <testcase name="testCompoundTagAppend()" classname="nbt.tag.CompoundTagTest" time="0.023"/>
  <testcase name="testCompoundTagEquals()" classname="nbt.tag.CompoundTagTest" time="0.0"/>
  <testcase name="testCompoundTagToByteArray1()" classname="nbt.tag.CompoundTagTest" time="0.002"/>
  <testcase name="testCompoundTagToByteArray2()" classname="nbt.tag.CompoundTagTest" time="0.0"/>
  <testcase name="testCompoundTagConstructors()" classname="nbt.tag.CompoundTagTest" time="0.002"/>
  <testcase name="testCompoundTagEqualsBig()" classname="nbt.tag.CompoundTagTest" time="0.139"/>
  <system-out><![CDATA[]]></system-out>
  <system-err><![CDATA[]]></system-err>
</testsuite>
