<?xml version="1.0" encoding="UTF-8"?>
<testsuite name="nbt.tag.CompoundTagTest" tests="14" skipped="0" failures="0" errors="0" timestamp="2021-04-01T15:14:18" hostname="KOEN-PC" time="0.092">
  <properties/>
  <testcase name="testCompoundTagFind1()" classname="nbt.tag.CompoundTagTest" time="0.025"/>
  <testcase name="testCompoundTagFind2()" classname="nbt.tag.CompoundTagTest" time="0.015"/>
  <testcase name="testCompoundTagFind3()" classname="nbt.tag.CompoundTagTest" time="0.006"/>
  <testcase name="testCompoundTagToList1()" classname="nbt.tag.CompoundTagTest" time="0.003"/>
  <testcase name="testCompoundTagToList2()" classname="nbt.tag.CompoundTagTest" time="0.001"/>
  <testcase name="testCompoundTagAppend()" classname="nbt.tag.CompoundTagTest" time="0.001"/>
  <testcase name="testCompoundTagEquals()" classname="nbt.tag.CompoundTagTest" time="0.001"/>
  <testcase name="testCompoundTagEqualsBasic()" classname="nbt.tag.CompoundTagTest" time="0.001"/>
  <testcase name="testCompoundTagToByteArray1()" classname="nbt.tag.CompoundTagTest" time="0.002"/>
  <testcase name="testCompoundTagToByteArray2()" classname="nbt.tag.CompoundTagTest" time="0.001"/>
  <testcase name="testCompoundTagConstructors()" classname="nbt.tag.CompoundTagTest" time="0.001"/>
  <testcase name="testCompoundTagEqualsNested()" classname="nbt.tag.CompoundTagTest" time="0.001"/>
  <testcase name="testCompoundTagGetParent()" classname="nbt.tag.CompoundTagTest" time="0.001"/>
  <testcase name="testCompoundTagEqualsBig()" classname="nbt.tag.CompoundTagTest" time="0.029"/>
  <system-out><![CDATA[TAG_String('testStringTag1'): 'test1'

TAG_Int(''): 8

[TAG_Int('testIntTag1'): 1
, TAG_String('testStringTag1'): 'test123'
, TAG_Byte('testByteTag1'): 1
]
[TAG_Int('testIntTag1'): 1
, TAG_String('testStringTag1'): 'test123'
, TAG_Byte('testByteTag1'): 1
, TAG_Int('testIntTag2'): 2
, TAG_Int('testIntTag3'): 3
, TAG_String('testIntTag4'): 'test1234'
]
]]></system-out>
  <system-err><![CDATA[]]></system-err>
</testsuite>
