<?xml version="1.0" encoding="UTF-8"?>
<testsuite name="nbt.tag.ListTagTest" tests="7" skipped="0" failures="0" errors="0" timestamp="2021-04-01T18:16:26" hostname="KOEN-PC" time="0.062">
  <properties/>
  <testcase name="testListTagIterator1()" classname="nbt.tag.ListTagTest" time="0.038"/>
  <testcase name="testListTagIterator2()" classname="nbt.tag.ListTagTest" time="0.011"/>
  <testcase name="testListTagEquals()" classname="nbt.tag.ListTagTest" time="0.003"/>
  <testcase name="testIllegalListTag()" classname="nbt.tag.ListTagTest" time="0.002"/>
  <testcase name="testListTagConstructorNamed()" classname="nbt.tag.ListTagTest" time="0.001"/>
  <testcase name="testListTagFind1()" classname="nbt.tag.ListTagTest" time="0.003"/>
  <testcase name="testListTagFind3()" classname="nbt.tag.ListTagTest" time="0.0"/>
  <system-out><![CDATA[0
TAG_Int(''): 1

0
TAG_List(''): 2 entries

0
TAG_Int(''): 1

1
TAG_List(''): 2 entries

TAG_Int(''): 2

1
TAG_List(''): 2 entries

TAG_Int(''): 2

TAG_Int('testIntTag3'): 3

TAG_Int(''): 8

]]></system-out>
  <system-err><![CDATA[]]></system-err>
</testsuite>
