<?xml version="1.0" encoding="UTF-8"?>
<testsuite name="nbt.tag.CompoundTagTest" tests="10" skipped="0" failures="0" errors="0" timestamp="2021-03-30T21:27:21" hostname="KOEN-PC" time="0.078">
  <properties/>
  <testcase name="testCompoundTagAppend()" classname="nbt.tag.CompoundTagTest" time="0.03"/>
  <testcase name="testCompoundTagEquals()" classname="nbt.tag.CompoundTagTest" time="0.002"/>
  <testcase name="testCompoundTagEqualsBasic()" classname="nbt.tag.CompoundTagTest" time="0.001"/>
  <testcase name="testCompoundTagToByteArray1()" classname="nbt.tag.CompoundTagTest" time="0.003"/>
  <testcase name="testCompoundTagToByteArray2()" classname="nbt.tag.CompoundTagTest" time="0.002"/>
  <testcase name="testCompoundTagFind()" classname="nbt.tag.CompoundTagTest" time="0.004"/>
  <testcase name="testCompoundTagConstructors()" classname="nbt.tag.CompoundTagTest" time="0.001"/>
  <testcase name="testCompoundTagEqualsNested()" classname="nbt.tag.CompoundTagTest" time="0.001"/>
  <testcase name="testCompoundTagGetParent()" classname="nbt.tag.CompoundTagTest" time="0.001"/>
  <testcase name="testCompoundTagEqualsBig()" classname="nbt.tag.CompoundTagTest" time="0.026"/>
  <system-out><![CDATA[]]></system-out>
  <system-err><![CDATA[]]></system-err>
</testsuite>
