<?xml version="1.0" encoding="UTF-8"?>
<testsuite name="nbt.CompoundTagTest" tests="3" skipped="0" failures="0" errors="0" timestamp="2021-03-18T02:10:48" hostname="LAPTOP-0SVKOBM1" time="0.146">
  <properties/>
  <testcase name="testCompoundTagByteArray()" classname="nbt.CompoundTagTest" time="0.137"/>
  <testcase name="testBasicCompoundTag1()" classname="nbt.CompoundTagTest" time="0.003"/>
  <testcase name="testBasicCompoundTag2()" classname="nbt.CompoundTagTest" time="0.003"/>
  <system-out><![CDATA[TAG_Compound('testCompoundTag'): 3 entries
{
    TAG_Int('testIntTag1'): 1
    TAG_Int('testIntTag2'): 2
    TAG_Compound('testNestedCompoundTag'): 2 entries
    {
        TAG_Int('testNestedIntTag1'): 3
        TAG_Int('testNestedIntTag2'): 4
    }
}

TAG_Compound('testCompound'): 1 entry
{
    TAG_Int('testInt'): 10
}

TAG_Compound('testCompoundTag'): 3 entries
{
    TAG_Int('testIntTag1'): 1
    TAG_Int('testIntTag2'): 2
    TAG_Compound('testNestedCompoundTag'): 1 entry
    {
        TAG_Int('testNestedIntTag1'): 3
    }
}

]]></system-out>
  <system-err><![CDATA[]]></system-err>
</testsuite>
