<?xml version="1.0" encoding="UTF-8"?>
<testsuite name="util.CompoundTagStringTest" tests="4" skipped="0" failures="0" errors="0" timestamp="2021-03-23T23:53:24" hostname="LAPTOP-0SVKOBM1" time="0.144">
  <properties/>
  <testcase name="testNestedCompoundTagString()" classname="util.CompoundTagStringTest" time="0.101"/>
  <testcase name="testBasicCompoundTagString()" classname="util.CompoundTagStringTest" time="0.001"/>
  <testcase name="testRandomCompoundTagString()" classname="util.CompoundTagStringTest" time="0.035"/>
  <testcase name="testDoubleCompoundTagString()" classname="util.CompoundTagStringTest" time="0.003"/>
  <system-out><![CDATA[TAG_Compound('testCompoundTagOuter'): 3 entries
{
    TAG_Int('testIntTagOuter1'): 3
    TAG_String('testStringTagOuter2'): 's1'
    TAG_Compound('testCompoundTagInner'): 2 entries
    {
        TAG_Int('testIntTagInner1'): 1
        TAG_Int('testIntTagInner2'): 2
    }
}

TAG_Compound('testCompoundTag'): 1 entry
{
    TAG_Int('testIntTag'): 1
}

TAG_Compound('testCompoundTag10'): 1 entry
{
    TAG_Compound('testCompoundTag9'): 11 entries
    {
        TAG_Int('testIntTag'): 94
        TAG_Int('testIntTag'): 76
        TAG_Int('testIntTag'): 92
        TAG_Int('testIntTag'): 49
        TAG_Int('testIntTag'): 28
        TAG_Int('testIntTag'): 48
        TAG_Int('testIntTag'): 1
        TAG_Int('testIntTag'): 81
        TAG_Int('testIntTag'): 6
        TAG_Int('testIntTag'): 43
        TAG_Compound('testCompoundTag8'): 11 entries
        {
            TAG_Int('testIntTag'): 38
            TAG_Int('testIntTag'): 32
            TAG_Int('testIntTag'): 53
            TAG_Int('testIntTag'): 24
            TAG_Int('testIntTag'): 82
            TAG_Int('testIntTag'): 93
            TAG_Int('testIntTag'): 47
            TAG_Int('testIntTag'): 46
            TAG_Int('testIntTag'): 12
            TAG_Int('testIntTag'): 20
            TAG_Compound('testCompoundTag7'): 11 entries
            {
                TAG_Int('testIntTag'): 79
                TAG_Int('testIntTag'): 77
                TAG_Int('testIntTag'): 84
                TAG_Int('testIntTag'): 87
                TAG_Int('testIntTag'): 5
                TAG_Int('testIntTag'): 37
                TAG_Int('testIntTag'): 29
                TAG_Int('testIntTag'): 27
                TAG_Int('testIntTag'): 91
                TAG_Int('testIntTag'): 86
                TAG_Compound('testCompoundTag6'): 11 entries
                {
                    TAG_Int('testIntTag'): 97
                    TAG_Int('testIntTag'): 27
                    TAG_Int('testIntTag'): 71
                    TAG_Int('testIntTag'): 43
                    TAG_Int('testIntTag'): 62
                    TAG_Int('testIntTag'): 67
                    TAG_Int('testIntTag'): 34
                    TAG_Int('testIntTag'): 31
                    TAG_Int('testIntTag'): 82
                    TAG_Int('testIntTag'): 9
                    TAG_Compound('testCompoundTag5'): 11 entries
                    {
                        TAG_Int('testIntTag'): 65
                        TAG_Int('testIntTag'): 22
                        TAG_Int('testIntTag'): 61
                        TAG_Int('testIntTag'): 79
                        TAG_Int('testIntTag'): 27
                        TAG_Int('testIntTag'): 92
                        TAG_Int('testIntTag'): 64
                        TAG_Int('testIntTag'): 83
                        TAG_Int('testIntTag'): 4
                        TAG_Int('testIntTag'): 49
                        TAG_Compound('testCompoundTag4'): 11 entries
                        {
                            TAG_Int('testIntTag'): 9
                            TAG_Int('testIntTag'): 92
                            TAG_Int('testIntTag'): 55
                            TAG_Int('testIntTag'): 74
                            TAG_Int('testIntTag'): 83
                            TAG_Int('testIntTag'): 28
                            TAG_Int('testIntTag'): 35
                            TAG_Int('testIntTag'): 89
                            TAG_Int('testIntTag'): 25
                            TAG_Int('testIntTag'): 90
                            TAG_Compound('testCompoundTag3'): 11 entries
                            {
                                TAG_Int('testIntTag'): 4
                                TAG_Int('testIntTag'): 35
                                TAG_Int('testIntTag'): 67
                                TAG_Int('testIntTag'): 83
                                TAG_Int('testIntTag'): 85
                                TAG_Int('testIntTag'): 22
                                TAG_Int('testIntTag'): 61
                                TAG_Int('testIntTag'): 48
                                TAG_Int('testIntTag'): 70
                                TAG_Int('testIntTag'): 51
                                TAG_Compound('testCompoundTag2'): 11 entries
                                {
                                    TAG_Int('testIntTag'): 31
                                    TAG_Int('testIntTag'): 7
                                    TAG_Int('testIntTag'): 26
                                    TAG_Int('testIntTag'): 93
                                    TAG_Int('testIntTag'): 48
                                    TAG_Int('testIntTag'): 70
                                    TAG_Int('testIntTag'): 1
                                    TAG_Int('testIntTag'): 62
                                    TAG_Int('testIntTag'): 60
                                    TAG_Int('testIntTag'): 95
                                    TAG_Compound('testCompoundTag1'): 11 entries
                                    {
                                        TAG_Int('testIntTag'): 49
                                        TAG_Int('testIntTag'): 46
                                        TAG_Int('testIntTag'): 46
                                        TAG_Int('testIntTag'): 26
                                        TAG_Int('testIntTag'): 37
                                        TAG_Int('testIntTag'): 85
                                        TAG_Int('testIntTag'): 65
                                        TAG_Int('testIntTag'): 95
                                        TAG_Int('testIntTag'): 7
                                        TAG_Int('testIntTag'): 26
                                        TAG_Compound('testCompoundTag0'): 11 entries
                                        {
                                            TAG_Int('testIntTag'): 38
                                            TAG_Int('testIntTag'): 37
                                            TAG_Int('testIntTag'): 35
                                            TAG_Int('testIntTag'): 88
                                            TAG_Int('testIntTag'): 100
                                            TAG_Int('testIntTag'): 28
                                            TAG_Int('testIntTag'): 97
                                            TAG_Int('testIntTag'): 30
                                            TAG_Int('testIntTag'): 4
                                            TAG_Int('testIntTag'): 65
                                            TAG_Compound('testCompoundTag'): 10 entries
                                            {
                                                TAG_Int('testIntTag'): 100
                                                TAG_Int('testIntTag'): 27
                                                TAG_Int('testIntTag'): 95
                                                TAG_Int('testIntTag'): 85
                                                TAG_Int('testIntTag'): 48
                                                TAG_Int('testIntTag'): 77
                                                TAG_Int('testIntTag'): 14
                                                TAG_Int('testIntTag'): 6
                                                TAG_Int('testIntTag'): 6
                                                TAG_Int('testIntTag'): 41
                                            }
                                        }
                                    }
                                }
                            }
                        }
                    }
                }
            }
        }
    }
}

TAG_Compound('testCompoundTagOuter'): 3 entries
{
    TAG_Int('testIntTagOuter1'): 4
    TAG_Int('testIntTagOuter2'): 5
    TAG_Compound('testCompoundTagInner'): 3 entries
    {
        TAG_Int('testIntTagInner1'): 2
        TAG_Int('testIntTagInner2'): 3
        TAG_Compound('testCompoundTagDoubleInner'): 2 entries
        {
            TAG_Int('testIntTagDoubleInner1'): 0
            TAG_Int('testIntTagDoubleInner2'): 1
        }
    }
}

]]></system-out>
  <system-err><![CDATA[]]></system-err>
</testsuite>
