<?xml version="1.0" encoding="UTF-8"?>
<testsuite name="nbt.io.IntTagParsingTest" tests="2" skipped="0" failures="0" errors="0" timestamp="2021-04-11T14:09:44" hostname="LAPTOP-0SVKOBM1" time="0.005">
  <properties/>
  <testcase name="testUnnamedIntTag()" classname="nbt.io.IntTagParsingTest" time="0.002"/>
  <testcase name="testIntTag()" classname="nbt.io.IntTagParsingTest" time="0.002"/>
  <system-out><![CDATA[]]></system-out>
  <system-err><![CDATA[]]></system-err>
</testsuite>
