<?xml version="1.0" encoding="UTF-8"?>
<testsuite name="nbt.predicate.CompoundTagPredicateTest" tests="1" skipped="0" failures="0" errors="0" timestamp="2021-03-31T15:02:47" hostname="KOEN-PC" time="0.035">
  <properties/>
  <testcase name="testPredicate()" classname="nbt.predicate.CompoundTagPredicateTest" time="0.035"/>
  <system-out><![CDATA[[3]
[TAG_Int('abc'): 2
, TAG_Int('abc'): 3
, TAG_Int('abc'): 1
]
[TAG_Int('testIntTag'): 1
, TAG_Int('testIntTag'): 2
, TAG_Int('testIntTag'): 3
]
[]
]]></system-out>
  <system-err><![CDATA[]]></system-err>
</testsuite>
