<?xml version="1.0" encoding="UTF-8"?>
<testsuite name="nbt.tag.ListTagTest" tests="10" skipped="0" failures="0" errors="0" timestamp="2021-04-11T14:44:03" hostname="LAPTOP-0SVKOBM1" time="0.027">
  <properties/>
  <testcase name="testListTagIterator1()" classname="nbt.tag.ListTagTest" time="0.001"/>
  <testcase name="testListTagIterator2()" classname="nbt.tag.ListTagTest" time="0.001"/>
  <testcase name="testListTagIterator3()" classname="nbt.tag.ListTagTest" time="0.003"/>
  <testcase name="testListTagIterator4()" classname="nbt.tag.ListTagTest" time="0.002"/>
  <testcase name="testListTagIterator5()" classname="nbt.tag.ListTagTest" time="0.003"/>
  <testcase name="testListTagEquals()" classname="nbt.tag.ListTagTest" time="0.001"/>
  <testcase name="testIllegalListTag()" classname="nbt.tag.ListTagTest" time="0.004"/>
  <testcase name="testListTagConstructorNamed()" classname="nbt.tag.ListTagTest" time="0.001"/>
  <testcase name="testListTagFind1()" classname="nbt.tag.ListTagTest" time="0.003"/>
  <testcase name="testListTagFind3()" classname="nbt.tag.ListTagTest" time="0.001"/>
  <system-out><![CDATA[TAG_Int(''): 1

TAG_Int(''): 2

TAG_List(''): 2 entries

TAG_Int(''): 1

TAG_Int(''): 2

TAG_List(''): 2 entries

TAG_Int(''): 3

TAG_Int(''): 4

TAG_Compound(''): 5 entries

TAG_Int('testIntTag1'): 1

TAG_Int('testIntTag2'): 2

TAG_List('testEmptyListTag'): 0 entries

TAG_String('id'): 'abc'

TAG_Compound('testEmptyCompoundTag'): 0 entries

TAG_End() of testEmptyCompoundTag

TAG_End() of 

TAG_Compound(''): 6 entries

TAG_Int('testIntTag1'): 1

TAG_Int('testIntTag2'): 2

TAG_List('testEmptyListTag'): 0 entries

TAG_String('id'): 'abc'

TAG_Compound('testEmptyCompoundTag'): 0 entries

TAG_End() of testEmptyCompoundTag

TAG_List('testIntTagList'): 5 entries

TAG_Int(''): 10

TAG_Int(''): 11

TAG_Int(''): 12

TAG_Int(''): 13

TAG_Int(''): 14

TAG_End() of 

TAG_Compound(''): 1 entry

TAG_Int('testIntTag1'): 1

TAG_End() of 

TAG_Compound(''): 5 entries

TAG_Int('testIntTag1'): 1

TAG_Int('testIntTag2'): 2

TAG_List('testEmptyListTag'): 0 entries

TAG_String('id'): 'abc'

TAG_Compound('testEmptyCompoundTag'): 0 entries

TAG_End() of testEmptyCompoundTag

TAG_End() of 

TAG_Compound(''): 3 entries

TAG_Byte('Slot'): 0

TAG_String('id'): 'minecraft:lapis_ore'

TAG_Byte('Count'): 8

TAG_End() of 

TAG_Compound(''): 3 entries

TAG_Byte('Slot'): 0

TAG_String('id'): 'minecraft:lapis_ore'

TAG_Byte('Count'): 8

TAG_End() of 

TAG_Int('testIntTag3'): 3

TAG_Int(''): 8

]]></system-out>
  <system-err><![CDATA[]]></system-err>
</testsuite>
