<?xml version="1.0" encoding="UTF-8"?>
<testsuite name="nbt.CompoundTagTest" tests="1" skipped="0" failures="0" errors="0" timestamp="2021-03-16T23:23:14" hostname="KOEN-PC" time="0.04">
  <properties/>
  <testcase name="testBasicCompoundTag()" classname="nbt.CompoundTagTest" time="0.04"/>
  <system-out><![CDATA[TAG_Compound('tt')
    TAG_Int('test'): 10
TAG_Compound('tt')
    TAG_Int('test'): 10
    TAG_Compound('tt')
]]></system-out>
  <system-err><![CDATA[]]></system-err>
</testsuite>
