<?xml version="1.0" encoding="UTF-8"?>
<testsuite name="nbt.tag.CompoundTagTest" tests="5" skipped="0" failures="0" errors="0" timestamp="2021-03-22T15:57:52" hostname="KOEN-PC" time="0.17">
  <properties/>
  <testcase name="testCompoundTagAppend()" classname="nbt.tag.CompoundTagTest" time="0.021"/>
  <testcase name="testCompoundTagEquals()" classname="nbt.tag.CompoundTagTest" time="0.0"/>
  <testcase name="testCompoundTagConstructor1()" classname="nbt.tag.CompoundTagTest" time="0.001"/>
  <testcase name="testCompoundTagConstructor2()" classname="nbt.tag.CompoundTagTest" time="0.0"/>
  <testcase name="testCompoundTagEqualsBig()" classname="nbt.tag.CompoundTagTest" time="0.144"/>
  <system-out><![CDATA[]]></system-out>
  <system-err><![CDATA[]]></system-err>
</testsuite>
