<?xml version="1.0" encoding="UTF-8"?>
<testsuite name="nbt.io.CompoundTagParsingTest" tests="5" skipped="0" failures="0" errors="0" timestamp="2021-04-21T15:14:00" hostname="KOEN-PC" time="0.012">
  <properties/>
  <testcase name="testCompoundTagByteArray1()" classname="nbt.io.CompoundTagParsingTest" time="0.004"/>
  <testcase name="testCompoundTagByteArray2()" classname="nbt.io.CompoundTagParsingTest" time="0.003"/>
  <testcase name="testBasicCompoundTag1()" classname="nbt.io.CompoundTagParsingTest" time="0.0"/>
  <testcase name="testBasicCompoundTag2()" classname="nbt.io.CompoundTagParsingTest" time="0.001"/>
  <testcase name="testBasicCompoundTag3()" classname="nbt.io.CompoundTagParsingTest" time="0.001"/>
  <system-out><![CDATA[TAG_Compound('testCompoundTag'): 3 entries
{
    TAG_Int('testIntTag1'): 1
    TAG_Int('testIntTag2'): 2
    TAG_Compound('testNestedCompoundTag'): 2 entries
    {
        TAG_Int('testNestedIntTag1'): 3
        TAG_Int('testNestedIntTag2'): 4
    }
}

TAG_Compound('testCompoundTag'): 3 entries
{
    TAG_Compound('testInnerCompoundTag1'): 2 entries
    {
        TAG_Int('testIntTag1'): 1
        TAG_Int('testIntTag2'): 2
    }
    TAG_Compound('testInnerCompoundTag2'): 2 entries
    {
        TAG_String('testStringTag'): 'test123'
        TAG_List('testListTag'): 2 entries
        {
            TAG_Byte(''): 1
            TAG_Byte(''): 2
        }
    }
    TAG_Long_Array('testLongArrayTag'): [3 longs]
}

TAG_Compound('testCompound'): 1 entry
{
    TAG_Int('testInt'): 10
}

]]></system-out>
  <system-err><![CDATA[]]></system-err>
</testsuite>
