<?xml version="1.0" encoding="UTF-8"?>
<testsuite name="nbt.io.CompoundTagParsingTest" tests="4" skipped="0" failures="0" errors="0" timestamp="2021-04-10T21:50:11" hostname="LAPTOP-0SVKOBM1" time="0.105">
  <properties/>
  <testcase name="testCompoundTagByteArray()" classname="nbt.io.CompoundTagParsingTest" time="0.064"/>
  <testcase name="testBasicCompoundTag1()" classname="nbt.io.CompoundTagParsingTest" time="0.028"/>
  <testcase name="testBasicCompoundTag2()" classname="nbt.io.CompoundTagParsingTest" time="0.009"/>
  <testcase name="testBasicCompoundTag3()" classname="nbt.io.CompoundTagParsingTest" time="0.001"/>
  <system-out><![CDATA[TAG_Compound('testCompoundTag'): 3 entries

TAG_Compound('testCompound'): 1 entry
{
    TAG_Int('testInt'): 10
}

]]></system-out>
  <system-err><![CDATA[]]></system-err>
</testsuite>
