<?xml version="1.0" encoding="UTF-8"?>
<testsuite name="util.CompoundTagStringTest" tests="5" skipped="0" failures="0" errors="0" timestamp="2021-04-13T23:42:45" hostname="LAPTOP-0SVKOBM1" time="0.358">
  <properties/>
  <testcase name="testNestedCompoundTagString()" classname="util.CompoundTagStringTest" time="0.277"/>
  <testcase name="testBasicCompoundTagString()" classname="util.CompoundTagStringTest" time="0.003"/>
  <testcase name="testRandomCompoundTagString()" classname="util.CompoundTagStringTest" time="0.063"/>
  <testcase name="testDoubleCompoundTagString()" classname="util.CompoundTagStringTest" time="0.003"/>
  <testcase name="testCompoundTagWithListTag()" classname="util.CompoundTagStringTest" time="0.005"/>
  <system-out><![CDATA[TAG_Compound('testCompoundTagOuter'): 3 entries
{
    TAG_Int('testIntTagOuter1'): 3
    TAG_String('testStringTagOuter2'): 's1'
    TAG_Compound('testCompoundTagInner'): 2 entries
    {
        TAG_Int('testIntTagInner1'): 1
        TAG_Int('testIntTagInner2'): 2
    }
}

TAG_Compound('testCompoundTag'): 1 entry
{
    TAG_Int('testIntTag'): 1
}

TAG_Compound('testCompoundTag10'): 1 entry
{
    TAG_Compound('testCompoundTag9'): 21 entries
    {
        TAG_List('testListTag'): 0 entries
        {
        }
        TAG_Int('testIntTag'): 91
        TAG_List('testListTag'): 0 entries
        {
        }
        TAG_Int('testIntTag'): 80
        TAG_List('testListTag'): 0 entries
        {
        }
        TAG_Int('testIntTag'): 26
        TAG_List('testListTag'): 0 entries
        {
        }
        TAG_Int('testIntTag'): 49
        TAG_List('testListTag'): 0 entries
        {
        }
        TAG_Int('testIntTag'): 21
        TAG_List('testListTag'): 0 entries
        {
        }
        TAG_Int('testIntTag'): 23
        TAG_List('testListTag'): 0 entries
        {
        }
        TAG_Int('testIntTag'): 86
        TAG_List('testListTag'): 0 entries
        {
        }
        TAG_Int('testIntTag'): 68
        TAG_List('testListTag'): 0 entries
        {
        }
        TAG_Int('testIntTag'): 36
        TAG_List('testListTag'): 0 entries
        {
        }
        TAG_Int('testIntTag'): 37
        TAG_Compound('testCompoundTag8'): 21 entries
        {
            TAG_List('testListTag'): 0 entries
            {
            }
            TAG_Int('testIntTag'): 70
            TAG_List('testListTag'): 0 entries
            {
            }
            TAG_Int('testIntTag'): 74
            TAG_List('testListTag'): 0 entries
            {
            }
            TAG_Int('testIntTag'): 19
            TAG_List('testListTag'): 0 entries
            {
            }
            TAG_Int('testIntTag'): 4
            TAG_List('testListTag'): 0 entries
            {
            }
            TAG_Int('testIntTag'): 82
            TAG_List('testListTag'): 0 entries
            {
            }
            TAG_Int('testIntTag'): 57
            TAG_List('testListTag'): 0 entries
            {
            }
            TAG_Int('testIntTag'): 12
            TAG_List('testListTag'): 0 entries
            {
            }
            TAG_Int('testIntTag'): 67
            TAG_List('testListTag'): 0 entries
            {
            }
            TAG_Int('testIntTag'): 23
            TAG_List('testListTag'): 0 entries
            {
            }
            TAG_Int('testIntTag'): 19
            TAG_Compound('testCompoundTag7'): 21 entries
            {
                TAG_List('testListTag'): 0 entries
                {
                }
                TAG_Int('testIntTag'): 38
                TAG_List('testListTag'): 0 entries
                {
                }
                TAG_Int('testIntTag'): 97
                TAG_List('testListTag'): 0 entries
                {
                }
                TAG_Int('testIntTag'): 13
                TAG_List('testListTag'): 0 entries
                {
                }
                TAG_Int('testIntTag'): 46
                TAG_List('testListTag'): 0 entries
                {
                }
                TAG_Int('testIntTag'): 20
                TAG_List('testListTag'): 0 entries
                {
                }
                TAG_Int('testIntTag'): 48
                TAG_List('testListTag'): 0 entries
                {
                }
                TAG_Int('testIntTag'): 81
                TAG_List('testListTag'): 0 entries
                {
                }
                TAG_Int('testIntTag'): 71
                TAG_List('testListTag'): 0 entries
                {
                }
                TAG_Int('testIntTag'): 90
                TAG_List('testListTag'): 0 entries
                {
                }
                TAG_Int('testIntTag'): 12
                TAG_Compound('testCompoundTag6'): 21 entries
                {
                    TAG_List('testListTag'): 0 entries
                    {
                    }
                    TAG_Int('testIntTag'): 61
                    TAG_List('testListTag'): 0 entries
                    {
                    }
                    TAG_Int('testIntTag'): 25
                    TAG_List('testListTag'): 0 entries
                    {
                    }
                    TAG_Int('testIntTag'): 14
                    TAG_List('testListTag'): 0 entries
                    {
                    }
                    TAG_Int('testIntTag'): 26
                    TAG_List('testListTag'): 0 entries
                    {
                    }
                    TAG_Int('testIntTag'): 70
                    TAG_List('testListTag'): 0 entries
                    {
                    }
                    TAG_Int('testIntTag'): 19
                    TAG_List('testListTag'): 0 entries
                    {
                    }
                    TAG_Int('testIntTag'): 95
                    TAG_List('testListTag'): 0 entries
                    {
                    }
                    TAG_Int('testIntTag'): 48
                    TAG_List('testListTag'): 0 entries
                    {
                    }
                    TAG_Int('testIntTag'): 59
                    TAG_List('testListTag'): 0 entries
                    {
                    }
                    TAG_Int('testIntTag'): 89
                    TAG_Compound('testCompoundTag5'): 21 entries
                    {
                        TAG_List('testListTag'): 0 entries
                        {
                        }
                        TAG_Int('testIntTag'): 50
                        TAG_List('testListTag'): 0 entries
                        {
                        }
                        TAG_Int('testIntTag'): 69
                        TAG_List('testListTag'): 0 entries
                        {
                        }
                        TAG_Int('testIntTag'): 7
                        TAG_List('testListTag'): 0 entries
                        {
                        }
                        TAG_Int('testIntTag'): 79
                        TAG_List('testListTag'): 0 entries
                        {
                        }
                        TAG_Int('testIntTag'): 40
                        TAG_List('testListTag'): 0 entries
                        {
                        }
                        TAG_Int('testIntTag'): 41
                        TAG_List('testListTag'): 0 entries
                        {
                        }
                        TAG_Int('testIntTag'): 3
                        TAG_List('testListTag'): 0 entries
                        {
                        }
                        TAG_Int('testIntTag'): 32
                        TAG_List('testListTag'): 0 entries
                        {
                        }
                        TAG_Int('testIntTag'): 6
                        TAG_List('testListTag'): 0 entries
                        {
                        }
                        TAG_Int('testIntTag'): 10
                        TAG_Compound('testCompoundTag4'): 21 entries
                        {
                            TAG_List('testListTag'): 0 entries
                            {
                            }
                            TAG_Int('testIntTag'): 27
                            TAG_List('testListTag'): 0 entries
                            {
                            }
                            TAG_Int('testIntTag'): 86
                            TAG_List('testListTag'): 0 entries
                            {
                            }
                            TAG_Int('testIntTag'): 42
                            TAG_List('testListTag'): 0 entries
                            {
                            }
                            TAG_Int('testIntTag'): 39
                            TAG_List('testListTag'): 0 entries
                            {
                            }
                            TAG_Int('testIntTag'): 6
                            TAG_List('testListTag'): 0 entries
                            {
                            }
                            TAG_Int('testIntTag'): 72
                            TAG_List('testListTag'): 0 entries
                            {
                            }
                            TAG_Int('testIntTag'): 87
                            TAG_List('testListTag'): 0 entries
                            {
                            }
                            TAG_Int('testIntTag'): 76
                            TAG_List('testListTag'): 0 entries
                            {
                            }
                            TAG_Int('testIntTag'): 47
                            TAG_List('testListTag'): 0 entries
                            {
                            }
                            TAG_Int('testIntTag'): 90
                            TAG_Compound('testCompoundTag3'): 21 entries
                            {
                                TAG_List('testListTag'): 0 entries
                                {
                                }
                                TAG_Int('testIntTag'): 3
                                TAG_List('testListTag'): 0 entries
                                {
                                }
                                TAG_Int('testIntTag'): 24
                                TAG_List('testListTag'): 0 entries
                                {
                                }
                                TAG_Int('testIntTag'): 96
                                TAG_List('testListTag'): 0 entries
                                {
                                }
                                TAG_Int('testIntTag'): 8
                                TAG_List('testListTag'): 0 entries
                                {
                                }
                                TAG_Int('testIntTag'): 18
                                TAG_List('testListTag'): 0 entries
                                {
                                }
                                TAG_Int('testIntTag'): 73
                                TAG_List('testListTag'): 0 entries
                                {
                                }
                                TAG_Int('testIntTag'): 2
                                TAG_List('testListTag'): 0 entries
                                {
                                }
                                TAG_Int('testIntTag'): 51
                                TAG_List('testListTag'): 0 entries
                                {
                                }
                                TAG_Int('testIntTag'): 39
                                TAG_List('testListTag'): 0 entries
                                {
                                }
                                TAG_Int('testIntTag'): 98
                                TAG_Compound('testCompoundTag2'): 21 entries
                                {
                                    TAG_List('testListTag'): 0 entries
                                    {
                                    }
                                    TAG_Int('testIntTag'): 61
                                    TAG_List('testListTag'): 0 entries
                                    {
                                    }
                                    TAG_Int('testIntTag'): 97
                                    TAG_List('testListTag'): 0 entries
                                    {
                                    }
                                    TAG_Int('testIntTag'): 10
                                    TAG_List('testListTag'): 0 entries
                                    {
                                    }
                                    TAG_Int('testIntTag'): 6
                                    TAG_List('testListTag'): 0 entries
                                    {
                                    }
                                    TAG_Int('testIntTag'): 29
                                    TAG_List('testListTag'): 0 entries
                                    {
                                    }
                                    TAG_Int('testIntTag'): 85
                                    TAG_List('testListTag'): 0 entries
                                    {
                                    }
                                    TAG_Int('testIntTag'): 80
                                    TAG_List('testListTag'): 0 entries
                                    {
                                    }
                                    TAG_Int('testIntTag'): 44
                                    TAG_List('testListTag'): 0 entries
                                    {
                                    }
                                    TAG_Int('testIntTag'): 22
                                    TAG_List('testListTag'): 0 entries
                                    {
                                    }
                                    TAG_Int('testIntTag'): 55
                                    TAG_Compound('testCompoundTag1'): 21 entries
                                    {
                                        TAG_List('testListTag'): 0 entries
                                        {
                                        }
                                        TAG_Int('testIntTag'): 80
                                        TAG_List('testListTag'): 0 entries
                                        {
                                        }
                                        TAG_Int('testIntTag'): 36
                                        TAG_List('testListTag'): 0 entries
                                        {
                                        }
                                        TAG_Int('testIntTag'): 71
                                        TAG_List('testListTag'): 0 entries
                                        {
                                        }
                                        TAG_Int('testIntTag'): 36
                                        TAG_List('testListTag'): 0 entries
                                        {
                                        }
                                        TAG_Int('testIntTag'): 22
                                        TAG_List('testListTag'): 0 entries
                                        {
                                        }
                                        TAG_Int('testIntTag'): 88
                                        TAG_List('testListTag'): 0 entries
                                        {
                                        }
                                        TAG_Int('testIntTag'): 29
                                        TAG_List('testListTag'): 0 entries
                                        {
                                        }
                                        TAG_Int('testIntTag'): 85
                                        TAG_List('testListTag'): 0 entries
                                        {
                                        }
                                        TAG_Int('testIntTag'): 26
                                        TAG_List('testListTag'): 0 entries
                                        {
                                        }
                                        TAG_Int('testIntTag'): 81
                                        TAG_Compound('testCompoundTag0'): 21 entries
                                        {
                                            TAG_List('testListTag'): 0 entries
                                            {
                                            }
                                            TAG_Int('testIntTag'): 98
                                            TAG_List('testListTag'): 0 entries
                                            {
                                            }
                                            TAG_Int('testIntTag'): 1
                                            TAG_List('testListTag'): 0 entries
                                            {
                                            }
                                            TAG_Int('testIntTag'): 77
                                            TAG_List('testListTag'): 0 entries
                                            {
                                            }
                                            TAG_Int('testIntTag'): 37
                                            TAG_List('testListTag'): 0 entries
                                            {
                                            }
                                            TAG_Int('testIntTag'): 19
                                            TAG_List('testListTag'): 0 entries
                                            {
                                            }
                                            TAG_Int('testIntTag'): 69
                                            TAG_List('testListTag'): 0 entries
                                            {
                                            }
                                            TAG_Int('testIntTag'): 57
                                            TAG_List('testListTag'): 0 entries
                                            {
                                            }
                                            TAG_Int('testIntTag'): 28
                                            TAG_List('testListTag'): 0 entries
                                            {
                                            }
                                            TAG_Int('testIntTag'): 33
                                            TAG_List('testListTag'): 0 entries
                                            {
                                            }
                                            TAG_Int('testIntTag'): 26
                                            TAG_Compound('testCompoundTag'): 20 entries
                                            {
                                                TAG_List('testListTag'): 0 entries
                                                {
                                                }
                                                TAG_Int('testIntTag'): 95
                                                TAG_List('testListTag'): 0 entries
                                                {
                                                }
                                                TAG_Int('testIntTag'): 36
                                                TAG_List('testListTag'): 0 entries
                                                {
                                                }
                                                TAG_Int('testIntTag'): 65
                                                TAG_List('testListTag'): 0 entries
                                                {
                                                }
                                                TAG_Int('testIntTag'): 45
                                                TAG_List('testListTag'): 0 entries
                                                {
                                                }
                                                TAG_Int('testIntTag'): 87
                                                TAG_List('testListTag'): 0 entries
                                                {
                                                }
                                                TAG_Int('testIntTag'): 72
                                                TAG_List('testListTag'): 0 entries
                                                {
                                                }
                                                TAG_Int('testIntTag'): 33
                                                TAG_List('testListTag'): 0 entries
                                                {
                                                }
                                                TAG_Int('testIntTag'): 21
                                                TAG_List('testListTag'): 0 entries
                                                {
                                                }
                                                TAG_Int('testIntTag'): 45
                                                TAG_List('testListTag'): 0 entries
                                                {
                                                }
                                                TAG_Int('testIntTag'): 36
                                            }
                                        }
                                    }
                                }
                            }
                        }
                    }
                }
            }
        }
    }
}

TAG_Compound('testCompoundTagOuter'): 3 entries
{
    TAG_Int('testIntTagOuter1'): 4
    TAG_Int('testIntTagOuter2'): 5
    TAG_Compound('testCompoundTagInner'): 3 entries
    {
        TAG_Int('testIntTagInner1'): 2
        TAG_Int('testIntTagInner2'): 3
        TAG_Compound('testCompoundTagDoubleInner'): 2 entries
        {
            TAG_Int('testIntTagDoubleInner1'): 0
            TAG_Int('testIntTagDoubleInner2'): 1
        }
    }
}

TAG_Compound('testCompoundTag'): 2 entries
{
    TAG_Int('testIntTag1'): 1
    TAG_Compound('testCompoundTag2'): 2 entries
    {
        TAG_Int('testIntTag2'): 2
        TAG_List('testListTag'): 2 entries
        {
            TAG_Int(''): 3
            TAG_Int(''): 3
        }
    }
}

]]></system-out>
  <system-err><![CDATA[]]></system-err>
</testsuite>
