<?xml version="1.0" encoding="UTF-8"?>
<testsuite name="nbt.tag.IntTagTest" tests="1" skipped="0" failures="0" errors="0" timestamp="2021-04-11T14:09:44" hostname="LAPTOP-0SVKOBM1" time="0.001">
  <properties/>
  <testcase name="testIntTagToByteArray()" classname="nbt.tag.IntTagTest" time="0.001"/>
  <system-out><![CDATA[]]></system-out>
  <system-err><![CDATA[]]></system-err>
</testsuite>
