<?xml version="1.0" encoding="UTF-8"?>
<testsuite name="util.CompoundTagPrinterTest" tests="4" skipped="0" failures="0" errors="0" timestamp="2021-03-20T00:55:26" hostname="LAPTOP-0SVKOBM1" time="0.141">
  <properties/>
  <testcase name="testDoubleNestedCompoundTagPrinter()" classname="util.CompoundTagPrinterTest" time="0.123"/>
  <testcase name="testRandomCompoundTagPrinter()" classname="util.CompoundTagPrinterTest" time="0.011"/>
  <testcase name="testNestedCompoundTagPrinter()" classname="util.CompoundTagPrinterTest" time="0.003"/>
  <testcase name="testBasicCompoundTagPrinter()" classname="util.CompoundTagPrinterTest" time="0.001"/>
  <system-out><![CDATA[TAG_Compound('testCompoundTagOuter'): 3 entries
{
    TAG_Int('testIntTagOuter1'): 4
    TAG_Int('testIntTagOuter2'): 5
    TAG_Compound('testCompoundTagInner'): 3 entries
    {
        TAG_Int('testIntTagInner1'): 2
        TAG_Int('testIntTagInner2'): 3
        TAG_Compound('testCompoundTagDoubleInner'): 2 entries
        {
            TAG_Int('testIntTagDoubleInner1'): 0
            TAG_Int('testIntTagDoubleInner2'): 1
        }
    }
}

TAG_Compound('testCompoundTag8'): 1 entry
{
    TAG_Compound('testCompoundTag7'): 2 entries
    {
        TAG_Int('testIntTag'): 13
        TAG_Compound('testCompoundTag6'): 3 entries
        {
            TAG_Int('testIntTag'): 92
            TAG_Int('testIntTag'): 43
            TAG_Compound('testCompoundTag5'): 3 entries
            {
                TAG_Int('testIntTag'): 24
                TAG_Int('testIntTag'): 55
                TAG_Compound('testCompoundTag4'): 4 entries
                {
                    TAG_Int('testIntTag'): 94
                    TAG_Int('testIntTag'): 22
                    TAG_Int('testIntTag'): 33
                    TAG_Compound('testCompoundTag3'): 3 entries
                    {
                        TAG_Int('testIntTag'): 21
                        TAG_Int('testIntTag'): 48
                        TAG_Compound('testCompoundTag2'): 3 entries
                        {
                            TAG_Int('testIntTag'): 60
                            TAG_Int('testIntTag'): 48
                            TAG_Compound('testCompoundTag1'): 4 entries
                            {
                                TAG_Int('testIntTag'): 6
                                TAG_Int('testIntTag'): 36
                                TAG_Int('testIntTag'): 62
                                TAG_Compound('testCompoundTag0'): 3 entries
                                {
                                    TAG_Int('testIntTag'): 12
                                    TAG_Int('testIntTag'): 53
                                    TAG_Compound('testCompoundTagOuter'): 3 entries
                                    {
                                        TAG_Int('testIntTag'): 75
                                        TAG_Int('testIntTag'): 37
                                        TAG_Int('testIntTag'): 73
                                    }
                                }
                            }
                        }
                    }
                }
            }
        }
    }
}

TAG_Compound('testCompoundTagOuter'): 3 entries
{
    TAG_Int('testIntTagOuter1'): 3
    TAG_Int('testIntTagOuter2'): 4
    TAG_Compound('testCompoundTagInner'): 2 entries
    {
        TAG_Int('testIntTagInner1'): 1
        TAG_Int('testIntTagInner2'): 2
    }
}

TAG_Compound('testCompoundTag'): 1 entry
{
    TAG_Int('testIntTag'): 1
}

]]></system-out>
  <system-err><![CDATA[]]></system-err>
</testsuite>
