<?xml version="1.0" encoding="UTF-8"?>
<testsuite name="nbt.parsing.CompoundTagParsingTest" tests="3" skipped="0" failures="0" errors="0" timestamp="2021-03-18T22:01:05" hostname="KOEN-PC" time="0.089">
  <properties/>
  <testcase name="testCompoundTagByteArray()" classname="nbt.parsing.CompoundTagParsingTest" time="0.082"/>
  <testcase name="testBasicCompoundTag1()" classname="nbt.parsing.CompoundTagParsingTest" time="0.002"/>
  <testcase name="testBasicCompoundTag2()" classname="nbt.parsing.CompoundTagParsingTest" time="0.001"/>
  <system-out><![CDATA[TAG_Compound('testCompoundTag'): 3 entries
{
    TAG_Int('testIntTag1'): 1
    TAG_Int('testIntTag2'): 2
    TAG_Compound('testNestedCompoundTag'): 2 entries
    {
        TAG_Int('testNestedIntTag1'): 3
        TAG_Int('testNestedIntTag2'): 4
    }
}

]]></system-out>
  <system-err><![CDATA[]]></system-err>
</testsuite>
