<?xml version="1.0" encoding="UTF-8"?>
<testsuite name="nbt.tag.StringTagTest" tests="1" skipped="0" failures="0" errors="0" timestamp="2021-03-23T23:53:24" hostname="LAPTOP-0SVKOBM1" time="0.001">
  <properties/>
  <testcase name="testStringTagToByteArray()" classname="nbt.tag.StringTagTest" time="0.001"/>
  <system-out><![CDATA[]]></system-out>
  <system-err><![CDATA[]]></system-err>
</testsuite>
