<?xml version="1.0" encoding="UTF-8"?>
<testsuite name="nbt.tag.IntArrayTagTest" tests="2" skipped="0" failures="0" errors="0" timestamp="2021-04-10T21:50:11" hostname="LAPTOP-0SVKOBM1" time="0.002">
  <properties/>
  <testcase name="testIntArrayTagToByteArray()" classname="nbt.tag.IntArrayTagTest" time="0.0"/>
  <testcase name="testIntArrayTagEquals()" classname="nbt.tag.IntArrayTagTest" time="0.001"/>
  <system-out><![CDATA[]]></system-out>
  <system-err><![CDATA[]]></system-err>
</testsuite>
