<?xml version="1.0" encoding="UTF-8"?>
<<<<<<< HEAD
<testsuite name="nbt.parsing.CompoundTagParsingTest" tests="3" skipped="0" failures="0" errors="0" timestamp="2021-03-23T23:53:24" hostname="LAPTOP-0SVKOBM1" time="0.091">
  <properties/>
  <testcase name="testCompoundTagByteArray()" classname="nbt.parsing.CompoundTagParsingTest" time="0.086"/>
  <testcase name="testBasicCompoundTag1()" classname="nbt.parsing.CompoundTagParsingTest" time="0.002"/>
  <testcase name="testBasicCompoundTag2()" classname="nbt.parsing.CompoundTagParsingTest" time="0.001"/>
  <system-out><![CDATA[TAG_Compound('testCompoundTag'): 3 entries

TAG_Compound('testCompound'): 1 entry
=======
<testsuite name="nbt.parsing.CompoundTagParsingTest" tests="4" skipped="0" failures="0" errors="0" timestamp="2021-03-25T13:09:34" hostname="KOEN-PC" time="0.062">
  <properties/>
  <testcase name="testCompoundTagByteArray()" classname="nbt.parsing.CompoundTagParsingTest" time="0.039"/>
  <testcase name="testBasicCompoundTag1()" classname="nbt.parsing.CompoundTagParsingTest" time="0.016"/>
  <testcase name="testBasicCompoundTag2()" classname="nbt.parsing.CompoundTagParsingTest" time="0.004"/>
  <testcase name="testBasicCompoundTag3()" classname="nbt.parsing.CompoundTagParsingTest" time="0.0"/>
  <system-out><![CDATA[TAG_Compound('testCompoundTag'): 3 entries

TAG_Compound('testCompound'): 1 entry
{
    TAG_Int('testInt'): 10
}
>>>>>>> 44f60e2c25cd51ec69f62ac57eb0aec72deee223

]]></system-out>
  <system-err><![CDATA[]]></system-err>
</testsuite>
