<?xml version="1.0" encoding="UTF-8"?>
<testsuite name="nbt.tag.ListTagTest" tests="9" skipped="0" failures="0" errors="0" timestamp="2021-04-02T14:42:48" hostname="KOEN-PC" time="0.085">
  <properties/>
  <testcase name="testListTagIterator1()" classname="nbt.tag.ListTagTest" time="0.033"/>
  <testcase name="testListTagIterator2()" classname="nbt.tag.ListTagTest" time="0.013"/>
  <testcase name="testListTagIterator3()" classname="nbt.tag.ListTagTest" time="0.018"/>
  <testcase name="testListTagIterator4()" classname="nbt.tag.ListTagTest" time="0.002"/>
  <testcase name="testListTagEquals()" classname="nbt.tag.ListTagTest" time="0.006"/>
  <testcase name="testIllegalListTag()" classname="nbt.tag.ListTagTest" time="0.003"/>
  <testcase name="testListTagConstructorNamed()" classname="nbt.tag.ListTagTest" time="0.001"/>
  <testcase name="testListTagFind1()" classname="nbt.tag.ListTagTest" time="0.002"/>
  <testcase name="testListTagFind3()" classname="nbt.tag.ListTagTest" time="0.002"/>
  <system-out><![CDATA[TAG_Int(''): 1

TAG_Int(''): 2

TAG_List(''): 2 entries

TAG_Int(''): 1

TAG_Int(''): 2

TAG_List(''): 2 entries

TAG_Int(''): 3

TAG_Int(''): 4

class nbt.tag.CompoundTag
TAG_Compound(''): 5 entries

class nbt.tag.IntTag
TAG_Int('testIntTag1'): 1

class nbt.tag.IntTag
TAG_Int('testIntTag2'): 2

class nbt.tag.ListTag
TAG_List('testEmptyListTag'): 0 entries

class nbt.tag.StringTag
TAG_String('id'): 'abc'

class nbt.tag.CompoundTag
TAG_Compound('testEmptyCompoundTag'): 0 entries

class nbt.tag.EndTag
TAG_End() of testEmptyCompoundTag

class nbt.tag.EndTag
TAG_End() of 

class nbt.tag.CompoundTag
TAG_Compound(''): 6 entries

class nbt.tag.IntTag
TAG_Int('testIntTag1'): 1

class nbt.tag.IntTag
TAG_Int('testIntTag2'): 2

class nbt.tag.ListTag
TAG_List('testEmptyListTag'): 0 entries

class nbt.tag.StringTag
TAG_String('id'): 'abc'

class nbt.tag.CompoundTag
TAG_Compound('testEmptyCompoundTag'): 0 entries

class nbt.tag.EndTag
TAG_End() of testEmptyCompoundTag

class nbt.tag.ListTag
TAG_List('testIntTagList'): 5 entries

class nbt.tag.IntTag
TAG_Int(''): 10

class nbt.tag.IntTag
TAG_Int(''): 11

class nbt.tag.IntTag
TAG_Int(''): 12

class nbt.tag.IntTag
TAG_Int(''): 13

class nbt.tag.IntTag
end of list tag reached
TAG_Int(''): 14

class nbt.tag.EndTag
TAG_End() of 

class nbt.tag.CompoundTag
TAG_Compound(''): 1 entry

class nbt.tag.IntTag
TAG_Int('testIntTag1'): 1

class nbt.tag.EndTag
TAG_End() of 

class nbt.tag.CompoundTag
TAG_Compound(''): 5 entries

class nbt.tag.IntTag
TAG_Int('testIntTag1'): 1

class nbt.tag.IntTag
TAG_Int('testIntTag2'): 2

class nbt.tag.ListTag
TAG_List('testEmptyListTag'): 0 entries

class nbt.tag.StringTag
TAG_String('id'): 'abc'

class nbt.tag.CompoundTag
TAG_Compound('testEmptyCompoundTag'): 0 entries

class nbt.tag.EndTag
TAG_End() of testEmptyCompoundTag

class nbt.tag.EndTag
TAG_End() of 

TAG_Int('testIntTag3'): 3

TAG_Int(''): 8

]]></system-out>
  <system-err><![CDATA[]]></system-err>
</testsuite>
