<?xml version="1.0" encoding="UTF-8"?>
<testsuite name="util.ByteArrayBuilderTest" tests="5" skipped="0" failures="0" errors="0" timestamp="2021-04-21T15:14:00" hostname="KOEN-PC" time="0.003">
  <properties/>
  <testcase name="testBasicIntAppend()" classname="util.ByteArrayBuilderTest" time="0.001"/>
  <testcase name="testByteArrayConstructor1()" classname="util.ByteArrayBuilderTest" time="0.0"/>
  <testcase name="testByteArrayConstructor2()" classname="util.ByteArrayBuilderTest" time="0.001"/>
  <testcase name="testBasicByteAppend()" classname="util.ByteArrayBuilderTest" time="0.0"/>
  <testcase name="testBasicByteArrayAppend()" classname="util.ByteArrayBuilderTest" time="0.0"/>
  <system-out><![CDATA[]]></system-out>
  <system-err><![CDATA[]]></system-err>
</testsuite>
