<?xml version="1.0" encoding="UTF-8"?>
<testsuite name="nbt.IntTagTest" tests="3" skipped="0" failures="0" errors="0" timestamp="2021-03-17T21:52:53" hostname="KOEN-PC" time="0.029">
  <properties/>
  <testcase name="testIntTagToByteArray()" classname="nbt.IntTagTest" time="0.025"/>
  <testcase name="testUnnamedIntTag()" classname="nbt.IntTagTest" time="0.003"/>
  <testcase name="testIntTag()" classname="nbt.IntTagTest" time="0.0"/>
  <system-out><![CDATA[[3, 0, 10, 116, 101, 115, 116, 73, 110, 116, 84, 97, 103, 0, 0, 0, 5]
[3, 0, 10, 116, 101, 115, 116, 73, 110, 116, 84, 97, 103, 0, 0, 0, 5]
]]></system-out>
  <system-err><![CDATA[]]></system-err>
</testsuite>
