<?xml version="1.0" encoding="UTF-8"?>
<testsuite name="nbt.io.ListTagParsingTest" tests="5" skipped="0" failures="0" errors="0" timestamp="2021-04-21T15:14:00" hostname="KOEN-PC" time="0.018">
  <properties/>
  <testcase name="testListTagToByteArray1()" classname="nbt.io.ListTagParsingTest" time="0.001"/>
  <testcase name="testListTagToByteArray2()" classname="nbt.io.ListTagParsingTest" time="0.001"/>
  <testcase name="testListTagToByteArray3()" classname="nbt.io.ListTagParsingTest" time="0.011"/>
  <testcase name="testListTagToByteArray4()" classname="nbt.io.ListTagParsingTest" time="0.002"/>
  <testcase name="testBasicListTag1()" classname="nbt.io.ListTagParsingTest" time="0.001"/>
  <system-out><![CDATA[TAG_List('testListTag'): 3 entries
{
    TAG_Int_Array(''): [1 ints]
    TAG_Int_Array(''): [2 ints]
    TAG_Int_Array(''): [3 ints]
}

[9, 0, 11, 116, 101, 115, 116, 76, 105, 115, 116, 84, 97, 103, 8, 0, 0, 0, 3, 0, 1, 49, 0, 4, 50, 44, 32, 51, 0, 7, 52, 44, 32, 53, 44, 32, 54]
TAG_List('testListTag'): 3 entries
{
    TAG_String(''): '1'
    TAG_String(''): '2, 3'
    TAG_String(''): '4, 5, 6'
}

TAG_List('testListTag'): 2 entries
{
    TAG_List(''): 2 entries
    {
        TAG_Int(''): 1
        TAG_Int(''): 2
    }
    TAG_List(''): 2 entries
    {
        TAG_Long(''): 3
        TAG_Long(''): 4
    }
}

[9, 0, 11, 116, 101, 115, 116, 76, 105, 115, 116, 84, 97, 103, 9, 0, 0, 0, 2, 3, 0, 0, 0, 2, 0, 0, 0, 1, 0, 0, 0, 2, 4, 0, 0, 0, 2, 0, 0, 0, 0, 0, 0, 0, 3, 0, 0, 0, 0, 0, 0, 0, 4]
TAG_List('testListTag'): 2 entries
{
    TAG_List(''): 2 entries
    {
        TAG_Int(''): 1
        TAG_Int(''): 2
    }
    TAG_List(''): 2 entries
    {
        TAG_Long(''): 3
        TAG_Long(''): 4
    }
}

TAG_List('testListTag'): 2 entries
{
    TAG_Compound(''): 2 entries
    {
        TAG_Int('testIntTag1'): 1
        TAG_Int('testIntTag2'): 2
    }
    TAG_Compound(''): 2 entries
    {
        TAG_String('testStringTag1'): 'test123'
        TAG_String('testStringTag2'): 'test123'
    }
}

[9, 0, 11, 116, 101, 115, 116, 76, 105, 115, 116, 84, 97, 103, 10, 0, 0, 0, 2, 3, 0, 11, 116, 101, 115, 116, 73, 110, 116, 84, 97, 103, 49, 0, 0, 0, 1, 3, 0, 11, 116, 101, 115, 116, 73, 110, 116, 84, 97, 103, 50, 0, 0, 0, 2, 0, 0, 0, 8, 0, 14, 116, 101, 115, 116, 83, 116, 114, 105, 110, 103, 84, 97, 103, 49, 0, 7, 116, 101, 115, 116, 49, 50, 51, 8, 0, 14, 116, 101, 115, 116, 83, 116, 114, 105, 110, 103, 84, 97, 103, 50, 0, 7, 116, 101, 115, 116, 49, 50, 51, 0, 0, 0]
TAG_List('testListTag'): 2 entries
{
    TAG_Compound(''): 2 entries
    {
        TAG_Int('testIntTag1'): 1
        TAG_Int('testIntTag2'): 2
    }
    TAG_Compound(''): 0 entries
    {
    }
}

]]></system-out>
  <system-err><![CDATA[]]></system-err>
</testsuite>
