<?xml version="1.0" encoding="UTF-8"?>
<testsuite name="nbt.tag.StringTagTest" tests="1" skipped="0" failures="0" errors="0" timestamp="2021-04-21T15:14:00" hostname="KOEN-PC" time="0.0">
  <properties/>
  <testcase name="testStringTagToByteArray()" classname="nbt.tag.StringTagTest" time="0.0"/>
  <system-out><![CDATA[]]></system-out>
  <system-err><![CDATA[]]></system-err>
</testsuite>
